<distributed-scheme>
    <scheme-name>distributed-scheme</scheme-name>
    <service-name>distributed-service</service-name>
    <thread-count>10</thread-count>
    <backing-map-scheme>
        <local-scheme>
            <unit-calculator>BINARY</unit-calculator>
        </local-scheme>
    </backing-map-scheme>
    <autostart>true</autostart>
</distributed-scheme>
