<!--
	File: test-scheme-ref-cache-config.xml

 	DO NOT ALTER OR REMOVE COPYRIGHT NOTICES OR THIS HEADER.

	The contents of this file are subject to the terms and conditions of
	the Common Development and Distribution License 1.0 (the "License").

	You may not use this file except in compliance with the License.

	You can obtain a copy of the License by consulting the LICENSE.txt file
	distributed with this file, or by consulting https://oss.oracle.com/licenses/CDDL

	See the License for the specific language governing permissions
	and limitations under the License.

	When distributing the software, include this License Header Notice in each
	file and include the License file LICENSE.txt.

	MODIFICATIONS:
	If applicable, add the following below the License Header, with the fields
	enclosed by brackets [] replaced by your own identifying information:
	"Portions Copyright [year] [name of copyright owner]"

    Portions Copyright (c) 2013. Jonathan Knight.
 -->
<cache-config
        xmlns="http://xmlns.oracle.com/coherence/coherence-cache-config"
        xmlns:xsi="http://www.w3.org/2001/XMLSchema-instance"
        xsi:schemaLocation="http://xmlns.oracle.com/coherence/coherence-cache-config coherence-cache-config.xsd">

    <defaults>
        <serializer>pof</serializer>
    </defaults>

    <caching-scheme-mapping>
        <cache-mapping>
            <cache-name>test-*</cache-name>
            <scheme-name>class-scheme-with-scheme-ref</scheme-name>
        </cache-mapping>
    </caching-scheme-mapping>

    <caching-schemes>
        <class-scheme>
            <scheme-name>class-scheme-with-scheme-ref</scheme-name>
            <class-name>com.oracle.coherence.configuration.MyCache</class-name>
            <init-params>
                <init-param>
                    <param-type>java.lang.String</param-type>
                    <param-value>{cache-name}</param-value>
                </init-param>
                <init-param>
                    <param-type>{scheme-ref}</param-type>
                    <param-value>just-a-class-scheme</param-value>
                </init-param>
            </init-params>
        </class-scheme>

        <class-scheme>
            <scheme-name>just-a-class-scheme</scheme-name>
            <class-name>com.oracle.coherence.configuration.MyClass</class-name>
        </class-scheme>
    </caching-schemes>
</cache-config>