<event:distributor-scheme>
	<event:coherence-based-distributor-scheme/>
</event:distributor-scheme>